2021-09-24 14:59:19,559 [restartedMain] INFO  c.g.app.SpringBootDataJpaApplication               - Starting SpringBootDataJpaApplication on DESKTOP-ETDPPKB with PID 5676 (C:\Users\chris\Documents\dysumar\visual studio code\d1y_su_mar\target\classes started by chris in C:\Users\chris\Documents\dysumar\visual studio code\d1y_su_mar)
2021-09-24 14:59:19,563 [restartedMain] INFO  c.g.app.SpringBootDataJpaApplication               - No active profile set, falling back to default profiles: default
2021-09-24 14:59:19,780 [restartedMain] INFO  o.s.boot.devtools.restart.ChangeableUrls           - The Class-Path manifest attribute in C:\Users\chris\.m2\repository\org\glassfish\jaxb\jaxb-runtime\2.3.2\jaxb-runtime-2.3.2.jar referenced one or more files that do not exist: file:/C:/Users/chris/.m2/repository/org/glassfish/jaxb/jaxb-runtime/2.3.2/jakarta.xml.bind-api-2.3.2.jar,file:/C:/Users/chris/.m2/repository/org/glassfish/jaxb/jaxb-runtime/2.3.2/txw2-2.3.2.jar,file:/C:/Users/chris/.m2/repository/org/glassfish/jaxb/jaxb-runtime/2.3.2/istack-commons-runtime-3.0.8.jar,file:/C:/Users/chris/.m2/repository/org/glassfish/jaxb/jaxb-runtime/2.3.2/stax-ex-1.8.1.jar,file:/C:/Users/chris/.m2/repository/org/glassfish/jaxb/jaxb-runtime/2.3.2/FastInfoset-1.2.16.jar,file:/C:/Users/chris/.m2/repository/org/glassfish/jaxb/jaxb-runtime/2.3.2/jakarta.activation-api-1.2.1.jar
2021-09-24 14:59:19,782 [restartedMain] INFO  o.s.b.d.e.DevToolsPropertyDefaultsPostProcessor    - Devtools property defaults active! Set 'spring.devtools.add-properties' to 'false' to disable
2021-09-24 14:59:19,783 [restartedMain] INFO  o.s.b.d.e.DevToolsPropertyDefaultsPostProcessor    - For additional web related logging consider setting the 'logging.level.web' property to 'DEBUG'
2021-09-24 14:59:20,546 [restartedMain] INFO  o.s.d.r.c.RepositoryConfigurationDelegate          - Bootstrapping Spring Data JPA repositories in DEFAULT mode.
2021-09-24 14:59:20,722 [restartedMain] INFO  o.s.d.r.c.RepositoryConfigurationDelegate          - Finished Spring Data repository scanning in 163ms. Found 25 JPA repository interfaces.
2021-09-24 14:59:21,073 [restartedMain] INFO  o.s.c.s.PostProcessorRegistrationDelegate$BeanPostProcessorChecker - Bean 'org.springframework.security.config.annotation.configuration.ObjectPostProcessorConfiguration' of type [org.springframework.security.config.annotation.configuration.ObjectPostProcessorConfiguration] is not eligible for getting processed by all BeanPostProcessors (for example: not eligible for auto-proxying)
2021-09-24 14:59:21,076 [restartedMain] INFO  o.s.c.s.PostProcessorRegistrationDelegate$BeanPostProcessorChecker - Bean 'objectPostProcessor' of type [org.springframework.security.config.annotation.configuration.AutowireBeanFactoryObjectPostProcessor] is not eligible for getting processed by all BeanPostProcessors (for example: not eligible for auto-proxying)
2021-09-24 14:59:21,079 [restartedMain] INFO  o.s.c.s.PostProcessorRegistrationDelegate$BeanPostProcessorChecker - Bean 'org.springframework.security.access.expression.method.DefaultMethodSecurityExpressionHandler@513ef7b6' of type [org.springframework.security.access.expression.method.DefaultMethodSecurityExpressionHandler] is not eligible for getting processed by all BeanPostProcessors (for example: not eligible for auto-proxying)
2021-09-24 14:59:21,081 [restartedMain] INFO  o.s.c.s.PostProcessorRegistrationDelegate$BeanPostProcessorChecker - Bean 'org.springframework.security.config.annotation.method.configuration.GlobalMethodSecurityConfiguration' of type [org.springframework.security.config.annotation.method.configuration.GlobalMethodSecurityConfiguration] is not eligible for getting processed by all BeanPostProcessors (for example: not eligible for auto-proxying)
2021-09-24 14:59:21,087 [restartedMain] INFO  o.s.c.s.PostProcessorRegistrationDelegate$BeanPostProcessorChecker - Bean 'methodSecurityMetadataSource' of type [org.springframework.security.access.method.DelegatingMethodSecurityMetadataSource] is not eligible for getting processed by all BeanPostProcessors (for example: not eligible for auto-proxying)
2021-09-24 14:59:21,604 [restartedMain] INFO  o.s.b.w.embedded.tomcat.TomcatWebServer            - Tomcat initialized with port(s): 80 (http)
2021-09-24 14:59:21,613 [restartedMain] INFO  o.apache.coyote.http11.Http11NioProtocol           - Initializing ProtocolHandler ["http-nio-80"]
2021-09-24 14:59:21,614 [restartedMain] INFO  org.apache.catalina.core.StandardService           - Starting service [Tomcat]
2021-09-24 14:59:21,615 [restartedMain] INFO  org.apache.catalina.core.StandardEngine            - Starting Servlet engine: [Apache Tomcat/9.0.33]
2021-09-24 14:59:21,747 [restartedMain] INFO  o.a.c.c.C.[Tomcat].[localhost].[/]                 - Initializing Spring embedded WebApplicationContext
2021-09-24 14:59:21,747 [restartedMain] INFO  o.s.web.context.ContextLoader                      - Root WebApplicationContext: initialization completed in 1964 ms
2021-09-24 14:59:21,875 [restartedMain] INFO  com.zaxxer.hikari.HikariDataSource                 - HikariPool-1 - Starting...
2021-09-24 14:59:22,079 [restartedMain] INFO  com.zaxxer.hikari.HikariDataSource                 - HikariPool-1 - Start completed.
2021-09-24 14:59:22,138 [restartedMain] INFO  o.hibernate.jpa.internal.util.LogHelper            - HHH000204: Processing PersistenceUnitInfo [name: default]
2021-09-24 14:59:22,233 [restartedMain] INFO  org.hibernate.Version                              - HHH000412: Hibernate ORM core version 5.4.12.Final
2021-09-24 14:59:22,363 [restartedMain] INFO  org.hibernate.annotations.common.Version           - HCANN000001: Hibernate Commons Annotations {5.1.0.Final}
2021-09-24 14:59:22,475 [restartedMain] INFO  org.hibernate.dialect.Dialect                      - HHH000400: Using dialect: org.hibernate.dialect.MySQL5InnoDBDialect
2021-09-24 14:59:23,236 [restartedMain] INFO  o.h.e.t.j.p.i.JtaPlatformInitiator                 - HHH000490: Using JtaPlatform implementation: [org.hibernate.engine.transaction.jta.platform.internal.NoJtaPlatform]
2021-09-24 14:59:23,245 [restartedMain] INFO  o.s.o.j.LocalContainerEntityManagerFactoryBean     - Initialized JPA EntityManagerFactory for persistence unit 'default'
2021-09-24 14:59:23,291 [restartedMain] WARN  o.s.b.a.o.j.JpaBaseConfiguration$JpaWebConfiguration - spring.jpa.open-in-view is enabled by default. Therefore, database queries may be performed during view rendering. Explicitly configure spring.jpa.open-in-view to disable this warning
2021-09-24 14:59:24,302 [restartedMain] INFO  o.s.s.concurrent.ThreadPoolTaskExecutor            - Initializing ExecutorService 'applicationTaskExecutor'
2021-09-24 14:59:24,941 [restartedMain] INFO  o.s.s.web.DefaultSecurityFilterChain               - Creating filter chain: any request, [org.springframework.security.web.context.request.async.WebAsyncManagerIntegrationFilter@6687b22, org.springframework.security.web.context.SecurityContextPersistenceFilter@63cf1b6b, org.springframework.security.web.header.HeaderWriterFilter@535b49fd, org.springframework.security.web.csrf.CsrfFilter@41e4945f, org.springframework.security.web.authentication.logout.LogoutFilter@4b0198d8, org.springframework.security.web.authentication.UsernamePasswordAuthenticationFilter@638bab5a, org.springframework.security.web.savedrequest.RequestCacheAwareFilter@117ad93b, org.springframework.security.web.servletapi.SecurityContextHolderAwareRequestFilter@2b394dea, org.springframework.security.web.authentication.AnonymousAuthenticationFilter@27b9fdaf, org.springframework.security.web.session.SessionManagementFilter@5555ff77, org.springframework.security.web.access.ExceptionTranslationFilter@1efc5c32, org.springframework.security.web.access.intercept.FilterSecurityInterceptor@5285e032]
2021-09-24 14:59:25,032 [restartedMain] INFO  o.s.b.d.a.OptionalLiveReloadServer                 - LiveReload server is running on port 35729
2021-09-24 14:59:25,056 [restartedMain] INFO  o.apache.coyote.http11.Http11NioProtocol           - Starting ProtocolHandler ["http-nio-80"]
2021-09-24 14:59:25,089 [restartedMain] INFO  o.s.b.w.embedded.tomcat.TomcatWebServer            - Tomcat started on port(s): 80 (http) with context path ''
2021-09-24 14:59:25,092 [restartedMain] INFO  c.g.app.SpringBootDataJpaApplication               - Started SpringBootDataJpaApplication in 5.877 seconds (JVM running for 6.549)
2021-09-24 14:59:49,004 [http-nio-80-exec-1] INFO  o.a.c.c.C.[Tomcat].[localhost].[/]                 - Initializing Spring DispatcherServlet 'dispatcherServlet'
2021-09-24 14:59:49,005 [http-nio-80-exec-1] INFO  o.s.web.servlet.DispatcherServlet                  - Initializing Servlet 'dispatcherServlet'
2021-09-24 14:59:49,011 [http-nio-80-exec-1] INFO  o.s.web.servlet.DispatcherServlet                  - Completed initialization in 5 ms
2021-09-24 14:59:59,506 [http-nio-80-exec-6] INFO  c.g.a.m.service.JpaUserDetailsService              - Role:ROLE_ADMIN
2021-09-24 14:59:59,586 [http-nio-80-exec-6] INFO  c.g.app.auth.handler.LoginSuccessHandler           - El usuario 'admin' ha iniciado sesion con exito
2021-09-24 15:17:46,535 [SpringContextShutdownHook] INFO  o.s.s.concurrent.ThreadPoolTaskExecutor            - Shutting down ExecutorService 'applicationTaskExecutor'
2021-09-24 15:17:46,538 [SpringContextShutdownHook] INFO  o.s.o.j.LocalContainerEntityManagerFactoryBean     - Closing JPA EntityManagerFactory for persistence unit 'default'
2021-09-24 15:17:46,545 [SpringContextShutdownHook] INFO  com.zaxxer.hikari.HikariDataSource                 - HikariPool-1 - Shutdown initiated...
2021-09-24 15:17:46,561 [SpringContextShutdownHook] INFO  com.zaxxer.hikari.HikariDataSource                 - HikariPool-1 - Shutdown completed.
