2021-10-17 23:41:48,883 [restartedMain] INFO  c.g.app.SpringBootDataJpaApplication               - Starting SpringBootDataJpaApplication on DESKTOP-ETDPPKB with PID 17428 (C:\Users\chris\Documents\dysumar\visual studio code\d1y_su_mar\target\classes started by chris in C:\Users\chris\Documents\dysumar\visual studio code\d1y_su_mar)
2021-10-17 23:41:48,887 [restartedMain] INFO  c.g.app.SpringBootDataJpaApplication               - No active profile set, falling back to default profiles: default
2021-10-17 23:41:49,099 [restartedMain] INFO  o.s.boot.devtools.restart.ChangeableUrls           - The Class-Path manifest attribute in C:\Users\chris\.m2\repository\org\glassfish\jaxb\jaxb-runtime\2.3.2\jaxb-runtime-2.3.2.jar referenced one or more files that do not exist: file:/C:/Users/chris/.m2/repository/org/glassfish/jaxb/jaxb-runtime/2.3.2/jakarta.xml.bind-api-2.3.2.jar,file:/C:/Users/chris/.m2/repository/org/glassfish/jaxb/jaxb-runtime/2.3.2/txw2-2.3.2.jar,file:/C:/Users/chris/.m2/repository/org/glassfish/jaxb/jaxb-runtime/2.3.2/istack-commons-runtime-3.0.8.jar,file:/C:/Users/chris/.m2/repository/org/glassfish/jaxb/jaxb-runtime/2.3.2/stax-ex-1.8.1.jar,file:/C:/Users/chris/.m2/repository/org/glassfish/jaxb/jaxb-runtime/2.3.2/FastInfoset-1.2.16.jar,file:/C:/Users/chris/.m2/repository/org/glassfish/jaxb/jaxb-runtime/2.3.2/jakarta.activation-api-1.2.1.jar
2021-10-17 23:41:49,101 [restartedMain] INFO  o.s.b.d.e.DevToolsPropertyDefaultsPostProcessor    - Devtools property defaults active! Set 'spring.devtools.add-properties' to 'false' to disable
2021-10-17 23:41:49,101 [restartedMain] INFO  o.s.b.d.e.DevToolsPropertyDefaultsPostProcessor    - For additional web related logging consider setting the 'logging.level.web' property to 'DEBUG'
2021-10-17 23:41:49,883 [restartedMain] INFO  o.s.d.r.c.RepositoryConfigurationDelegate          - Bootstrapping Spring Data JPA repositories in DEFAULT mode.
2021-10-17 23:41:50,082 [restartedMain] INFO  o.s.d.r.c.RepositoryConfigurationDelegate          - Finished Spring Data repository scanning in 190ms. Found 25 JPA repository interfaces.
2021-10-17 23:41:50,534 [restartedMain] INFO  o.s.c.s.PostProcessorRegistrationDelegate$BeanPostProcessorChecker - Bean 'org.springframework.security.config.annotation.configuration.ObjectPostProcessorConfiguration' of type [org.springframework.security.config.annotation.configuration.ObjectPostProcessorConfiguration] is not eligible for getting processed by all BeanPostProcessors (for example: not eligible for auto-proxying)
2021-10-17 23:41:50,537 [restartedMain] INFO  o.s.c.s.PostProcessorRegistrationDelegate$BeanPostProcessorChecker - Bean 'objectPostProcessor' of type [org.springframework.security.config.annotation.configuration.AutowireBeanFactoryObjectPostProcessor] is not eligible for getting processed by all BeanPostProcessors (for example: not eligible for auto-proxying)
2021-10-17 23:41:50,539 [restartedMain] INFO  o.s.c.s.PostProcessorRegistrationDelegate$BeanPostProcessorChecker - Bean 'org.springframework.security.access.expression.method.DefaultMethodSecurityExpressionHandler@634cc624' of type [org.springframework.security.access.expression.method.DefaultMethodSecurityExpressionHandler] is not eligible for getting processed by all BeanPostProcessors (for example: not eligible for auto-proxying)
2021-10-17 23:41:50,542 [restartedMain] INFO  o.s.c.s.PostProcessorRegistrationDelegate$BeanPostProcessorChecker - Bean 'org.springframework.security.config.annotation.method.configuration.GlobalMethodSecurityConfiguration' of type [org.springframework.security.config.annotation.method.configuration.GlobalMethodSecurityConfiguration] is not eligible for getting processed by all BeanPostProcessors (for example: not eligible for auto-proxying)
2021-10-17 23:41:50,547 [restartedMain] INFO  o.s.c.s.PostProcessorRegistrationDelegate$BeanPostProcessorChecker - Bean 'methodSecurityMetadataSource' of type [org.springframework.security.access.method.DelegatingMethodSecurityMetadataSource] is not eligible for getting processed by all BeanPostProcessors (for example: not eligible for auto-proxying)
2021-10-17 23:41:51,022 [restartedMain] INFO  o.s.b.w.embedded.tomcat.TomcatWebServer            - Tomcat initialized with port(s): 80 (http)
2021-10-17 23:41:51,032 [restartedMain] INFO  o.apache.coyote.http11.Http11NioProtocol           - Initializing ProtocolHandler ["http-nio-80"]
2021-10-17 23:41:51,033 [restartedMain] INFO  org.apache.catalina.core.StandardService           - Starting service [Tomcat]
2021-10-17 23:41:51,034 [restartedMain] INFO  org.apache.catalina.core.StandardEngine            - Starting Servlet engine: [Apache Tomcat/9.0.33]
2021-10-17 23:41:51,155 [restartedMain] INFO  o.a.c.c.C.[Tomcat].[localhost].[/]                 - Initializing Spring embedded WebApplicationContext
2021-10-17 23:41:51,155 [restartedMain] INFO  o.s.web.context.ContextLoader                      - Root WebApplicationContext: initialization completed in 2054 ms
2021-10-17 23:41:51,293 [restartedMain] INFO  com.zaxxer.hikari.HikariDataSource                 - HikariPool-1 - Starting...
2021-10-17 23:41:51,475 [restartedMain] INFO  com.zaxxer.hikari.HikariDataSource                 - HikariPool-1 - Start completed.
2021-10-17 23:41:51,538 [restartedMain] INFO  o.hibernate.jpa.internal.util.LogHelper            - HHH000204: Processing PersistenceUnitInfo [name: default]
2021-10-17 23:41:51,622 [restartedMain] INFO  org.hibernate.Version                              - HHH000412: Hibernate ORM core version 5.4.12.Final
2021-10-17 23:41:51,783 [restartedMain] INFO  org.hibernate.annotations.common.Version           - HCANN000001: Hibernate Commons Annotations {5.1.0.Final}
2021-10-17 23:41:51,905 [restartedMain] INFO  org.hibernate.dialect.Dialect                      - HHH000400: Using dialect: org.hibernate.dialect.MySQL5InnoDBDialect
2021-10-17 23:41:52,774 [restartedMain] INFO  o.h.e.t.j.p.i.JtaPlatformInitiator                 - HHH000490: Using JtaPlatform implementation: [org.hibernate.engine.transaction.jta.platform.internal.NoJtaPlatform]
2021-10-17 23:41:52,781 [restartedMain] INFO  o.s.o.j.LocalContainerEntityManagerFactoryBean     - Initialized JPA EntityManagerFactory for persistence unit 'default'
2021-10-17 23:41:52,830 [restartedMain] WARN  o.s.b.a.o.j.JpaBaseConfiguration$JpaWebConfiguration - spring.jpa.open-in-view is enabled by default. Therefore, database queries may be performed during view rendering. Explicitly configure spring.jpa.open-in-view to disable this warning
2021-10-17 23:41:53,966 [restartedMain] INFO  o.s.s.concurrent.ThreadPoolTaskExecutor            - Initializing ExecutorService 'applicationTaskExecutor'
2021-10-17 23:41:54,403 [restartedMain] INFO  o.s.s.web.DefaultSecurityFilterChain               - Creating filter chain: any request, [org.springframework.security.web.context.request.async.WebAsyncManagerIntegrationFilter@6e8739b8, org.springframework.security.web.context.SecurityContextPersistenceFilter@337aa118, org.springframework.security.web.header.HeaderWriterFilter@526a1d28, org.springframework.security.web.csrf.CsrfFilter@671068f5, org.springframework.security.web.authentication.logout.LogoutFilter@536b1105, org.springframework.security.web.authentication.UsernamePasswordAuthenticationFilter@47f24334, org.springframework.security.web.savedrequest.RequestCacheAwareFilter@53585373, org.springframework.security.web.servletapi.SecurityContextHolderAwareRequestFilter@6898dbee, org.springframework.security.web.authentication.AnonymousAuthenticationFilter@6ad6d867, org.springframework.security.web.session.SessionManagementFilter@3a889ae2, org.springframework.security.web.access.ExceptionTranslationFilter@15f4c3a9, org.springframework.security.web.access.intercept.FilterSecurityInterceptor@5402ad7b]
2021-10-17 23:41:54,473 [restartedMain] INFO  o.s.b.d.a.OptionalLiveReloadServer                 - LiveReload server is running on port 35729
2021-10-17 23:41:54,489 [restartedMain] INFO  o.apache.coyote.http11.Http11NioProtocol           - Starting ProtocolHandler ["http-nio-80"]
2021-10-17 23:41:54,516 [restartedMain] INFO  o.s.b.w.embedded.tomcat.TomcatWebServer            - Tomcat started on port(s): 80 (http) with context path ''
2021-10-17 23:41:54,518 [restartedMain] INFO  c.g.app.SpringBootDataJpaApplication               - Started SpringBootDataJpaApplication in 5.937 seconds (JVM running for 6.549)
2021-10-17 23:41:57,027 [http-nio-80-exec-1] INFO  o.a.c.c.C.[Tomcat].[localhost].[/]                 - Initializing Spring DispatcherServlet 'dispatcherServlet'
2021-10-17 23:41:57,029 [http-nio-80-exec-1] INFO  o.s.web.servlet.DispatcherServlet                  - Initializing Servlet 'dispatcherServlet'
2021-10-17 23:41:57,034 [http-nio-80-exec-1] INFO  o.s.web.servlet.DispatcherServlet                  - Completed initialization in 4 ms
2021-10-17 23:41:57,535 [http-nio-80-exec-1] WARN  o.a.catalina.util.SessionIdGeneratorBase           - Creation of SecureRandom instance for session ID generation using [SHA1PRNG] took [114] milliseconds.
2021-10-17 23:42:00,091 [http-nio-80-exec-6] INFO  c.g.a.m.service.JpaUserDetailsService              - Role:ROLE_ADMIN
2021-10-17 23:42:00,158 [http-nio-80-exec-6] INFO  c.g.app.auth.handler.LoginSuccessHandler           - El usuario 'admin' ha iniciado sesion con exito
2021-10-17 23:43:56,538 [Thread-5] INFO  o.s.s.concurrent.ThreadPoolTaskExecutor            - Shutting down ExecutorService 'applicationTaskExecutor'
2021-10-17 23:43:56,544 [Thread-5] INFO  o.s.o.j.LocalContainerEntityManagerFactoryBean     - Closing JPA EntityManagerFactory for persistence unit 'default'
2021-10-17 23:43:56,549 [Thread-5] INFO  com.zaxxer.hikari.HikariDataSource                 - HikariPool-1 - Shutdown initiated...
2021-10-17 23:43:56,560 [Thread-5] INFO  com.zaxxer.hikari.HikariDataSource                 - HikariPool-1 - Shutdown completed.
2021-10-17 23:43:56,760 [restartedMain] INFO  c.g.app.SpringBootDataJpaApplication               - Starting SpringBootDataJpaApplication on DESKTOP-ETDPPKB with PID 17428 (C:\Users\chris\Documents\dysumar\visual studio code\d1y_su_mar\target\classes started by chris in C:\Users\chris\Documents\dysumar\visual studio code\d1y_su_mar)
2021-10-17 23:43:56,761 [restartedMain] INFO  c.g.app.SpringBootDataJpaApplication               - No active profile set, falling back to default profiles: default
2021-10-17 23:43:57,011 [restartedMain] INFO  o.s.d.r.c.RepositoryConfigurationDelegate          - Bootstrapping Spring Data JPA repositories in DEFAULT mode.
2021-10-17 23:43:57,111 [restartedMain] INFO  o.s.d.r.c.RepositoryConfigurationDelegate          - Finished Spring Data repository scanning in 100ms. Found 25 JPA repository interfaces.
2021-10-17 23:43:57,202 [restartedMain] INFO  o.s.c.s.PostProcessorRegistrationDelegate$BeanPostProcessorChecker - Bean 'org.springframework.security.config.annotation.configuration.ObjectPostProcessorConfiguration' of type [org.springframework.security.config.annotation.configuration.ObjectPostProcessorConfiguration] is not eligible for getting processed by all BeanPostProcessors (for example: not eligible for auto-proxying)
2021-10-17 23:43:57,204 [restartedMain] INFO  o.s.c.s.PostProcessorRegistrationDelegate$BeanPostProcessorChecker - Bean 'objectPostProcessor' of type [org.springframework.security.config.annotation.configuration.AutowireBeanFactoryObjectPostProcessor] is not eligible for getting processed by all BeanPostProcessors (for example: not eligible for auto-proxying)
2021-10-17 23:43:57,204 [restartedMain] INFO  o.s.c.s.PostProcessorRegistrationDelegate$BeanPostProcessorChecker - Bean 'org.springframework.security.access.expression.method.DefaultMethodSecurityExpressionHandler@140c5dc6' of type [org.springframework.security.access.expression.method.DefaultMethodSecurityExpressionHandler] is not eligible for getting processed by all BeanPostProcessors (for example: not eligible for auto-proxying)
2021-10-17 23:43:57,207 [restartedMain] INFO  o.s.c.s.PostProcessorRegistrationDelegate$BeanPostProcessorChecker - Bean 'org.springframework.security.config.annotation.method.configuration.GlobalMethodSecurityConfiguration' of type [org.springframework.security.config.annotation.method.configuration.GlobalMethodSecurityConfiguration] is not eligible for getting processed by all BeanPostProcessors (for example: not eligible for auto-proxying)
2021-10-17 23:43:57,208 [restartedMain] INFO  o.s.c.s.PostProcessorRegistrationDelegate$BeanPostProcessorChecker - Bean 'methodSecurityMetadataSource' of type [org.springframework.security.access.method.DelegatingMethodSecurityMetadataSource] is not eligible for getting processed by all BeanPostProcessors (for example: not eligible for auto-proxying)
2021-10-17 23:43:57,259 [restartedMain] INFO  o.s.b.w.embedded.tomcat.TomcatWebServer            - Tomcat initialized with port(s): 80 (http)
2021-10-17 23:43:57,260 [restartedMain] INFO  o.apache.coyote.http11.Http11NioProtocol           - Initializing ProtocolHandler ["http-nio-80"]
2021-10-17 23:43:57,261 [restartedMain] INFO  org.apache.catalina.core.StandardService           - Starting service [Tomcat]
2021-10-17 23:43:57,261 [restartedMain] INFO  org.apache.catalina.core.StandardEngine            - Starting Servlet engine: [Apache Tomcat/9.0.33]
2021-10-17 23:43:57,283 [restartedMain] INFO  o.a.c.c.C.[Tomcat].[localhost].[/]                 - Initializing Spring embedded WebApplicationContext
2021-10-17 23:43:57,283 [restartedMain] INFO  o.s.web.context.ContextLoader                      - Root WebApplicationContext: initialization completed in 519 ms
2021-10-17 23:43:57,324 [restartedMain] INFO  com.zaxxer.hikari.HikariDataSource                 - HikariPool-2 - Starting...
2021-10-17 23:43:57,328 [restartedMain] INFO  com.zaxxer.hikari.HikariDataSource                 - HikariPool-2 - Start completed.
2021-10-17 23:43:57,346 [restartedMain] INFO  o.hibernate.jpa.internal.util.LogHelper            - HHH000204: Processing PersistenceUnitInfo [name: default]
2021-10-17 23:43:57,353 [restartedMain] INFO  org.hibernate.dialect.Dialect                      - HHH000400: Using dialect: org.hibernate.dialect.MySQL5InnoDBDialect
2021-10-17 23:43:57,522 [restartedMain] INFO  o.h.e.t.j.p.i.JtaPlatformInitiator                 - HHH000490: Using JtaPlatform implementation: [org.hibernate.engine.transaction.jta.platform.internal.NoJtaPlatform]
2021-10-17 23:43:57,522 [restartedMain] INFO  o.s.o.j.LocalContainerEntityManagerFactoryBean     - Initialized JPA EntityManagerFactory for persistence unit 'default'
2021-10-17 23:43:57,542 [restartedMain] WARN  o.s.b.a.o.j.JpaBaseConfiguration$JpaWebConfiguration - spring.jpa.open-in-view is enabled by default. Therefore, database queries may be performed during view rendering. Explicitly configure spring.jpa.open-in-view to disable this warning
2021-10-17 23:43:58,019 [restartedMain] INFO  o.s.s.concurrent.ThreadPoolTaskExecutor            - Initializing ExecutorService 'applicationTaskExecutor'
2021-10-17 23:43:58,074 [restartedMain] INFO  o.s.s.web.DefaultSecurityFilterChain               - Creating filter chain: any request, [org.springframework.security.web.context.request.async.WebAsyncManagerIntegrationFilter@24958abd, org.springframework.security.web.context.SecurityContextPersistenceFilter@3bafb112, org.springframework.security.web.header.HeaderWriterFilter@6c455c7d, org.springframework.security.web.csrf.CsrfFilter@52b62c47, org.springframework.security.web.authentication.logout.LogoutFilter@73a79262, org.springframework.security.web.authentication.UsernamePasswordAuthenticationFilter@56468476, org.springframework.security.web.savedrequest.RequestCacheAwareFilter@68772854, org.springframework.security.web.servletapi.SecurityContextHolderAwareRequestFilter@2e972793, org.springframework.security.web.authentication.AnonymousAuthenticationFilter@6df069f, org.springframework.security.web.session.SessionManagementFilter@58987a52, org.springframework.security.web.access.ExceptionTranslationFilter@4622b536, org.springframework.security.web.access.intercept.FilterSecurityInterceptor@3cf2577a]
2021-10-17 23:43:58,124 [restartedMain] INFO  o.s.b.d.a.OptionalLiveReloadServer                 - LiveReload server is running on port 35729
2021-10-17 23:43:58,131 [restartedMain] INFO  o.apache.coyote.http11.Http11NioProtocol           - Starting ProtocolHandler ["http-nio-80"]
2021-10-17 23:43:58,135 [restartedMain] INFO  o.s.b.w.embedded.tomcat.TomcatWebServer            - Tomcat started on port(s): 80 (http) with context path ''
2021-10-17 23:43:58,136 [restartedMain] INFO  c.g.app.SpringBootDataJpaApplication               - Started SpringBootDataJpaApplication in 1.401 seconds (JVM running for 130.167)
2021-10-17 23:43:58,387 [restartedMain] INFO  o.s.b.d.a.ConditionEvaluationDeltaLoggingListener  - Condition evaluation unchanged
2021-10-17 23:44:20,785 [Thread-8] INFO  o.s.s.concurrent.ThreadPoolTaskExecutor            - Shutting down ExecutorService 'applicationTaskExecutor'
2021-10-17 23:44:20,789 [Thread-8] INFO  o.s.o.j.LocalContainerEntityManagerFactoryBean     - Closing JPA EntityManagerFactory for persistence unit 'default'
2021-10-17 23:44:20,790 [Thread-8] INFO  com.zaxxer.hikari.HikariDataSource                 - HikariPool-2 - Shutdown initiated...
2021-10-17 23:44:20,794 [Thread-8] INFO  com.zaxxer.hikari.HikariDataSource                 - HikariPool-2 - Shutdown completed.
2021-10-17 23:44:20,978 [restartedMain] INFO  c.g.app.SpringBootDataJpaApplication               - Starting SpringBootDataJpaApplication on DESKTOP-ETDPPKB with PID 17428 (C:\Users\chris\Documents\dysumar\visual studio code\d1y_su_mar\target\classes started by chris in C:\Users\chris\Documents\dysumar\visual studio code\d1y_su_mar)
2021-10-17 23:44:20,979 [restartedMain] INFO  c.g.app.SpringBootDataJpaApplication               - No active profile set, falling back to default profiles: default
2021-10-17 23:44:21,215 [restartedMain] INFO  o.s.d.r.c.RepositoryConfigurationDelegate          - Bootstrapping Spring Data JPA repositories in DEFAULT mode.
2021-10-17 23:44:21,310 [restartedMain] INFO  o.s.d.r.c.RepositoryConfigurationDelegate          - Finished Spring Data repository scanning in 95ms. Found 25 JPA repository interfaces.
2021-10-17 23:44:21,379 [restartedMain] INFO  o.s.c.s.PostProcessorRegistrationDelegate$BeanPostProcessorChecker - Bean 'org.springframework.security.config.annotation.configuration.ObjectPostProcessorConfiguration' of type [org.springframework.security.config.annotation.configuration.ObjectPostProcessorConfiguration] is not eligible for getting processed by all BeanPostProcessors (for example: not eligible for auto-proxying)
2021-10-17 23:44:21,381 [restartedMain] INFO  o.s.c.s.PostProcessorRegistrationDelegate$BeanPostProcessorChecker - Bean 'objectPostProcessor' of type [org.springframework.security.config.annotation.configuration.AutowireBeanFactoryObjectPostProcessor] is not eligible for getting processed by all BeanPostProcessors (for example: not eligible for auto-proxying)
2021-10-17 23:44:21,382 [restartedMain] INFO  o.s.c.s.PostProcessorRegistrationDelegate$BeanPostProcessorChecker - Bean 'org.springframework.security.access.expression.method.DefaultMethodSecurityExpressionHandler@7e8bfaf4' of type [org.springframework.security.access.expression.method.DefaultMethodSecurityExpressionHandler] is not eligible for getting processed by all BeanPostProcessors (for example: not eligible for auto-proxying)
2021-10-17 23:44:21,383 [restartedMain] INFO  o.s.c.s.PostProcessorRegistrationDelegate$BeanPostProcessorChecker - Bean 'org.springframework.security.config.annotation.method.configuration.GlobalMethodSecurityConfiguration' of type [org.springframework.security.config.annotation.method.configuration.GlobalMethodSecurityConfiguration] is not eligible for getting processed by all BeanPostProcessors (for example: not eligible for auto-proxying)
2021-10-17 23:44:21,384 [restartedMain] INFO  o.s.c.s.PostProcessorRegistrationDelegate$BeanPostProcessorChecker - Bean 'methodSecurityMetadataSource' of type [org.springframework.security.access.method.DelegatingMethodSecurityMetadataSource] is not eligible for getting processed by all BeanPostProcessors (for example: not eligible for auto-proxying)
2021-10-17 23:44:21,425 [restartedMain] INFO  o.s.b.w.embedded.tomcat.TomcatWebServer            - Tomcat initialized with port(s): 80 (http)
2021-10-17 23:44:21,427 [restartedMain] INFO  o.apache.coyote.http11.Http11NioProtocol           - Initializing ProtocolHandler ["http-nio-80"]
2021-10-17 23:44:21,427 [restartedMain] INFO  org.apache.catalina.core.StandardService           - Starting service [Tomcat]
2021-10-17 23:44:21,427 [restartedMain] INFO  org.apache.catalina.core.StandardEngine            - Starting Servlet engine: [Apache Tomcat/9.0.33]
2021-10-17 23:44:21,451 [restartedMain] INFO  o.a.c.c.C.[Tomcat].[localhost].[/]                 - Initializing Spring embedded WebApplicationContext
2021-10-17 23:44:21,452 [restartedMain] INFO  o.s.web.context.ContextLoader                      - Root WebApplicationContext: initialization completed in 470 ms
2021-10-17 23:44:21,484 [restartedMain] INFO  com.zaxxer.hikari.HikariDataSource                 - HikariPool-3 - Starting...
2021-10-17 23:44:21,487 [restartedMain] INFO  com.zaxxer.hikari.HikariDataSource                 - HikariPool-3 - Start completed.
2021-10-17 23:44:21,502 [restartedMain] INFO  o.hibernate.jpa.internal.util.LogHelper            - HHH000204: Processing PersistenceUnitInfo [name: default]
2021-10-17 23:44:21,508 [restartedMain] INFO  org.hibernate.dialect.Dialect                      - HHH000400: Using dialect: org.hibernate.dialect.MySQL5InnoDBDialect
2021-10-17 23:44:21,661 [restartedMain] INFO  o.h.e.t.j.p.i.JtaPlatformInitiator                 - HHH000490: Using JtaPlatform implementation: [org.hibernate.engine.transaction.jta.platform.internal.NoJtaPlatform]
2021-10-17 23:44:21,662 [restartedMain] INFO  o.s.o.j.LocalContainerEntityManagerFactoryBean     - Initialized JPA EntityManagerFactory for persistence unit 'default'
2021-10-17 23:44:21,680 [restartedMain] WARN  o.s.b.a.o.j.JpaBaseConfiguration$JpaWebConfiguration - spring.jpa.open-in-view is enabled by default. Therefore, database queries may be performed during view rendering. Explicitly configure spring.jpa.open-in-view to disable this warning
2021-10-17 23:44:22,102 [restartedMain] INFO  o.s.s.concurrent.ThreadPoolTaskExecutor            - Initializing ExecutorService 'applicationTaskExecutor'
2021-10-17 23:44:22,150 [restartedMain] INFO  o.s.s.web.DefaultSecurityFilterChain               - Creating filter chain: any request, [org.springframework.security.web.context.request.async.WebAsyncManagerIntegrationFilter@72e8dce, org.springframework.security.web.context.SecurityContextPersistenceFilter@66f11c5a, org.springframework.security.web.header.HeaderWriterFilter@3374cd5, org.springframework.security.web.csrf.CsrfFilter@6895a2c6, org.springframework.security.web.authentication.logout.LogoutFilter@541ff30e, org.springframework.security.web.authentication.UsernamePasswordAuthenticationFilter@17265dcb, org.springframework.security.web.savedrequest.RequestCacheAwareFilter@18edac69, org.springframework.security.web.servletapi.SecurityContextHolderAwareRequestFilter@21050a45, org.springframework.security.web.authentication.AnonymousAuthenticationFilter@448e5eaf, org.springframework.security.web.session.SessionManagementFilter@23b70978, org.springframework.security.web.access.ExceptionTranslationFilter@60d3d623, org.springframework.security.web.access.intercept.FilterSecurityInterceptor@6f9fd01c]
2021-10-17 23:44:22,196 [restartedMain] INFO  o.s.b.d.a.OptionalLiveReloadServer                 - LiveReload server is running on port 35729
2021-10-17 23:44:22,202 [restartedMain] INFO  o.apache.coyote.http11.Http11NioProtocol           - Starting ProtocolHandler ["http-nio-80"]
2021-10-17 23:44:22,205 [restartedMain] INFO  o.s.b.w.embedded.tomcat.TomcatWebServer            - Tomcat started on port(s): 80 (http) with context path ''
2021-10-17 23:44:22,206 [restartedMain] INFO  c.g.app.SpringBootDataJpaApplication               - Started SpringBootDataJpaApplication in 1.253 seconds (JVM running for 154.237)
2021-10-17 23:44:22,458 [restartedMain] INFO  o.s.b.d.a.ConditionEvaluationDeltaLoggingListener  - Condition evaluation unchanged
2021-10-17 23:44:33,249 [Thread-13] INFO  o.s.s.concurrent.ThreadPoolTaskExecutor            - Shutting down ExecutorService 'applicationTaskExecutor'
2021-10-17 23:44:33,251 [Thread-13] INFO  o.s.o.j.LocalContainerEntityManagerFactoryBean     - Closing JPA EntityManagerFactory for persistence unit 'default'
2021-10-17 23:44:33,252 [Thread-13] INFO  com.zaxxer.hikari.HikariDataSource                 - HikariPool-3 - Shutdown initiated...
2021-10-17 23:44:33,255 [Thread-13] INFO  com.zaxxer.hikari.HikariDataSource                 - HikariPool-3 - Shutdown completed.
2021-10-17 23:44:33,434 [restartedMain] INFO  c.g.app.SpringBootDataJpaApplication               - Starting SpringBootDataJpaApplication on DESKTOP-ETDPPKB with PID 17428 (C:\Users\chris\Documents\dysumar\visual studio code\d1y_su_mar\target\classes started by chris in C:\Users\chris\Documents\dysumar\visual studio code\d1y_su_mar)
2021-10-17 23:44:33,435 [restartedMain] INFO  c.g.app.SpringBootDataJpaApplication               - No active profile set, falling back to default profiles: default
2021-10-17 23:44:33,650 [restartedMain] INFO  o.s.d.r.c.RepositoryConfigurationDelegate          - Bootstrapping Spring Data JPA repositories in DEFAULT mode.
2021-10-17 23:44:33,731 [restartedMain] INFO  o.s.d.r.c.RepositoryConfigurationDelegate          - Finished Spring Data repository scanning in 80ms. Found 25 JPA repository interfaces.
2021-10-17 23:44:33,790 [restartedMain] INFO  o.s.c.s.PostProcessorRegistrationDelegate$BeanPostProcessorChecker - Bean 'org.springframework.security.config.annotation.configuration.ObjectPostProcessorConfiguration' of type [org.springframework.security.config.annotation.configuration.ObjectPostProcessorConfiguration] is not eligible for getting processed by all BeanPostProcessors (for example: not eligible for auto-proxying)
2021-10-17 23:44:33,792 [restartedMain] INFO  o.s.c.s.PostProcessorRegistrationDelegate$BeanPostProcessorChecker - Bean 'objectPostProcessor' of type [org.springframework.security.config.annotation.configuration.AutowireBeanFactoryObjectPostProcessor] is not eligible for getting processed by all BeanPostProcessors (for example: not eligible for auto-proxying)
2021-10-17 23:44:33,792 [restartedMain] INFO  o.s.c.s.PostProcessorRegistrationDelegate$BeanPostProcessorChecker - Bean 'org.springframework.security.access.expression.method.DefaultMethodSecurityExpressionHandler@1f58b18f' of type [org.springframework.security.access.expression.method.DefaultMethodSecurityExpressionHandler] is not eligible for getting processed by all BeanPostProcessors (for example: not eligible for auto-proxying)
2021-10-17 23:44:33,794 [restartedMain] INFO  o.s.c.s.PostProcessorRegistrationDelegate$BeanPostProcessorChecker - Bean 'org.springframework.security.config.annotation.method.configuration.GlobalMethodSecurityConfiguration' of type [org.springframework.security.config.annotation.method.configuration.GlobalMethodSecurityConfiguration] is not eligible for getting processed by all BeanPostProcessors (for example: not eligible for auto-proxying)
2021-10-17 23:44:33,794 [restartedMain] INFO  o.s.c.s.PostProcessorRegistrationDelegate$BeanPostProcessorChecker - Bean 'methodSecurityMetadataSource' of type [org.springframework.security.access.method.DelegatingMethodSecurityMetadataSource] is not eligible for getting processed by all BeanPostProcessors (for example: not eligible for auto-proxying)
2021-10-17 23:44:33,834 [restartedMain] INFO  o.s.b.w.embedded.tomcat.TomcatWebServer            - Tomcat initialized with port(s): 80 (http)
2021-10-17 23:44:33,835 [restartedMain] INFO  o.apache.coyote.http11.Http11NioProtocol           - Initializing ProtocolHandler ["http-nio-80"]
2021-10-17 23:44:33,835 [restartedMain] INFO  org.apache.catalina.core.StandardService           - Starting service [Tomcat]
2021-10-17 23:44:33,836 [restartedMain] INFO  org.apache.catalina.core.StandardEngine            - Starting Servlet engine: [Apache Tomcat/9.0.33]
2021-10-17 23:44:33,858 [restartedMain] INFO  o.a.c.c.C.[Tomcat].[localhost].[/]                 - Initializing Spring embedded WebApplicationContext
2021-10-17 23:44:33,858 [restartedMain] INFO  o.s.web.context.ContextLoader                      - Root WebApplicationContext: initialization completed in 421 ms
2021-10-17 23:44:33,887 [restartedMain] INFO  com.zaxxer.hikari.HikariDataSource                 - HikariPool-4 - Starting...
2021-10-17 23:44:33,891 [restartedMain] INFO  com.zaxxer.hikari.HikariDataSource                 - HikariPool-4 - Start completed.
2021-10-17 23:44:33,905 [restartedMain] INFO  o.hibernate.jpa.internal.util.LogHelper            - HHH000204: Processing PersistenceUnitInfo [name: default]
2021-10-17 23:44:33,911 [restartedMain] INFO  org.hibernate.dialect.Dialect                      - HHH000400: Using dialect: org.hibernate.dialect.MySQL5InnoDBDialect
2021-10-17 23:44:34,052 [restartedMain] INFO  o.h.e.t.j.p.i.JtaPlatformInitiator                 - HHH000490: Using JtaPlatform implementation: [org.hibernate.engine.transaction.jta.platform.internal.NoJtaPlatform]
2021-10-17 23:44:34,053 [restartedMain] INFO  o.s.o.j.LocalContainerEntityManagerFactoryBean     - Initialized JPA EntityManagerFactory for persistence unit 'default'
2021-10-17 23:44:34,070 [restartedMain] WARN  o.s.b.a.o.j.JpaBaseConfiguration$JpaWebConfiguration - spring.jpa.open-in-view is enabled by default. Therefore, database queries may be performed during view rendering. Explicitly configure spring.jpa.open-in-view to disable this warning
2021-10-17 23:44:34,467 [restartedMain] INFO  o.s.s.concurrent.ThreadPoolTaskExecutor            - Initializing ExecutorService 'applicationTaskExecutor'
2021-10-17 23:44:34,510 [restartedMain] INFO  o.s.s.web.DefaultSecurityFilterChain               - Creating filter chain: any request, [org.springframework.security.web.context.request.async.WebAsyncManagerIntegrationFilter@7ef9b9c4, org.springframework.security.web.context.SecurityContextPersistenceFilter@27ec96f7, org.springframework.security.web.header.HeaderWriterFilter@9986453, org.springframework.security.web.csrf.CsrfFilter@7fdae69c, org.springframework.security.web.authentication.logout.LogoutFilter@6940c1df, org.springframework.security.web.authentication.UsernamePasswordAuthenticationFilter@709e29ec, org.springframework.security.web.savedrequest.RequestCacheAwareFilter@3ca2878b, org.springframework.security.web.servletapi.SecurityContextHolderAwareRequestFilter@7652d6b0, org.springframework.security.web.authentication.AnonymousAuthenticationFilter@7aa847f7, org.springframework.security.web.session.SessionManagementFilter@faa6f98, org.springframework.security.web.access.ExceptionTranslationFilter@2597c841, org.springframework.security.web.access.intercept.FilterSecurityInterceptor@4d7c6b64]
2021-10-17 23:44:34,556 [restartedMain] INFO  o.s.b.d.a.OptionalLiveReloadServer                 - LiveReload server is running on port 35729
2021-10-17 23:44:34,561 [restartedMain] INFO  o.apache.coyote.http11.Http11NioProtocol           - Starting ProtocolHandler ["http-nio-80"]
2021-10-17 23:44:34,565 [restartedMain] INFO  o.s.b.w.embedded.tomcat.TomcatWebServer            - Tomcat started on port(s): 80 (http) with context path ''
2021-10-17 23:44:34,565 [restartedMain] INFO  c.g.app.SpringBootDataJpaApplication               - Started SpringBootDataJpaApplication in 1.155 seconds (JVM running for 166.596)
2021-10-17 23:44:34,814 [restartedMain] INFO  o.s.b.d.a.ConditionEvaluationDeltaLoggingListener  - Condition evaluation unchanged
2021-10-17 23:44:38,024 [http-nio-80-exec-1] INFO  o.a.c.c.C.[Tomcat].[localhost].[/]                 - Initializing Spring DispatcherServlet 'dispatcherServlet'
2021-10-17 23:44:38,025 [http-nio-80-exec-1] INFO  o.s.web.servlet.DispatcherServlet                  - Initializing Servlet 'dispatcherServlet'
2021-10-17 23:44:38,026 [http-nio-80-exec-1] INFO  o.s.web.servlet.DispatcherServlet                  - Completed initialization in 1 ms
