2021-10-13 00:01:10,448 [Thread-18] INFO  o.s.s.concurrent.ThreadPoolTaskExecutor            - Shutting down ExecutorService 'applicationTaskExecutor'
2021-10-13 00:01:10,452 [Thread-18] INFO  o.s.o.j.LocalContainerEntityManagerFactoryBean     - Closing JPA EntityManagerFactory for persistence unit 'default'
2021-10-13 00:01:10,453 [Thread-18] INFO  com.zaxxer.hikari.HikariDataSource                 - HikariPool-4 - Shutdown initiated...
2021-10-13 00:01:10,456 [Thread-18] INFO  com.zaxxer.hikari.HikariDataSource                 - HikariPool-4 - Shutdown completed.
2021-10-13 00:01:10,655 [restartedMain] INFO  c.g.app.SpringBootDataJpaApplication               - Starting SpringBootDataJpaApplication on DESKTOP-ETDPPKB with PID 21060 (C:\Users\chris\Documents\dysumar\visual studio code\d1y_su_mar\target\classes started by chris in C:\Users\chris\Documents\dysumar\visual studio code\d1y_su_mar)
2021-10-13 00:01:10,656 [restartedMain] INFO  c.g.app.SpringBootDataJpaApplication               - No active profile set, falling back to default profiles: default
2021-10-13 00:01:10,860 [restartedMain] INFO  o.s.d.r.c.RepositoryConfigurationDelegate          - Bootstrapping Spring Data JPA repositories in DEFAULT mode.
2021-10-13 00:01:10,944 [restartedMain] INFO  o.s.d.r.c.RepositoryConfigurationDelegate          - Finished Spring Data repository scanning in 82ms. Found 25 JPA repository interfaces.
2021-10-13 00:01:10,999 [restartedMain] INFO  o.s.c.s.PostProcessorRegistrationDelegate$BeanPostProcessorChecker - Bean 'org.springframework.security.config.annotation.configuration.ObjectPostProcessorConfiguration' of type [org.springframework.security.config.annotation.configuration.ObjectPostProcessorConfiguration] is not eligible for getting processed by all BeanPostProcessors (for example: not eligible for auto-proxying)
2021-10-13 00:01:11,000 [restartedMain] INFO  o.s.c.s.PostProcessorRegistrationDelegate$BeanPostProcessorChecker - Bean 'objectPostProcessor' of type [org.springframework.security.config.annotation.configuration.AutowireBeanFactoryObjectPostProcessor] is not eligible for getting processed by all BeanPostProcessors (for example: not eligible for auto-proxying)
2021-10-13 00:01:11,001 [restartedMain] INFO  o.s.c.s.PostProcessorRegistrationDelegate$BeanPostProcessorChecker - Bean 'org.springframework.security.access.expression.method.DefaultMethodSecurityExpressionHandler@2c325716' of type [org.springframework.security.access.expression.method.DefaultMethodSecurityExpressionHandler] is not eligible for getting processed by all BeanPostProcessors (for example: not eligible for auto-proxying)
2021-10-13 00:01:11,002 [restartedMain] INFO  o.s.c.s.PostProcessorRegistrationDelegate$BeanPostProcessorChecker - Bean 'org.springframework.security.config.annotation.method.configuration.GlobalMethodSecurityConfiguration' of type [org.springframework.security.config.annotation.method.configuration.GlobalMethodSecurityConfiguration] is not eligible for getting processed by all BeanPostProcessors (for example: not eligible for auto-proxying)
2021-10-13 00:01:11,003 [restartedMain] INFO  o.s.c.s.PostProcessorRegistrationDelegate$BeanPostProcessorChecker - Bean 'methodSecurityMetadataSource' of type [org.springframework.security.access.method.DelegatingMethodSecurityMetadataSource] is not eligible for getting processed by all BeanPostProcessors (for example: not eligible for auto-proxying)
2021-10-13 00:01:11,045 [restartedMain] INFO  o.s.b.w.embedded.tomcat.TomcatWebServer            - Tomcat initialized with port(s): 80 (http)
2021-10-13 00:01:11,046 [restartedMain] INFO  o.apache.coyote.http11.Http11NioProtocol           - Initializing ProtocolHandler ["http-nio-80"]
2021-10-13 00:01:11,046 [restartedMain] INFO  org.apache.catalina.core.StandardService           - Starting service [Tomcat]
2021-10-13 00:01:11,047 [restartedMain] INFO  org.apache.catalina.core.StandardEngine            - Starting Servlet engine: [Apache Tomcat/9.0.33]
2021-10-13 00:01:11,069 [restartedMain] INFO  o.a.c.c.C.[Tomcat].[localhost].[/]                 - Initializing Spring embedded WebApplicationContext
2021-10-13 00:01:11,069 [restartedMain] INFO  o.s.web.context.ContextLoader                      - Root WebApplicationContext: initialization completed in 411 ms
2021-10-13 00:01:11,099 [restartedMain] INFO  com.zaxxer.hikari.HikariDataSource                 - HikariPool-5 - Starting...
2021-10-13 00:01:11,103 [restartedMain] INFO  com.zaxxer.hikari.HikariDataSource                 - HikariPool-5 - Start completed.
2021-10-13 00:01:11,119 [restartedMain] INFO  o.hibernate.jpa.internal.util.LogHelper            - HHH000204: Processing PersistenceUnitInfo [name: default]
2021-10-13 00:01:11,126 [restartedMain] INFO  org.hibernate.dialect.Dialect                      - HHH000400: Using dialect: org.hibernate.dialect.MySQL5InnoDBDialect
2021-10-13 00:01:11,266 [restartedMain] INFO  o.h.e.t.j.p.i.JtaPlatformInitiator                 - HHH000490: Using JtaPlatform implementation: [org.hibernate.engine.transaction.jta.platform.internal.NoJtaPlatform]
2021-10-13 00:01:11,266 [restartedMain] INFO  o.s.o.j.LocalContainerEntityManagerFactoryBean     - Initialized JPA EntityManagerFactory for persistence unit 'default'
2021-10-13 00:01:11,280 [restartedMain] WARN  o.s.b.a.o.j.JpaBaseConfiguration$JpaWebConfiguration - spring.jpa.open-in-view is enabled by default. Therefore, database queries may be performed during view rendering. Explicitly configure spring.jpa.open-in-view to disable this warning
2021-10-13 00:01:11,657 [restartedMain] INFO  o.s.s.concurrent.ThreadPoolTaskExecutor            - Initializing ExecutorService 'applicationTaskExecutor'
2021-10-13 00:01:11,703 [restartedMain] INFO  o.s.s.web.DefaultSecurityFilterChain               - Creating filter chain: any request, [org.springframework.security.web.context.request.async.WebAsyncManagerIntegrationFilter@555b8250, org.springframework.security.web.context.SecurityContextPersistenceFilter@4895ffbf, org.springframework.security.web.header.HeaderWriterFilter@805a1c2, org.springframework.security.web.csrf.CsrfFilter@537fefa2, org.springframework.security.web.authentication.logout.LogoutFilter@628ce67a, org.springframework.security.web.authentication.UsernamePasswordAuthenticationFilter@1b92e254, org.springframework.security.web.savedrequest.RequestCacheAwareFilter@99917a9, org.springframework.security.web.servletapi.SecurityContextHolderAwareRequestFilter@439fc2a4, org.springframework.security.web.authentication.AnonymousAuthenticationFilter@2a27cb38, org.springframework.security.web.session.SessionManagementFilter@24e03c1f, org.springframework.security.web.access.ExceptionTranslationFilter@572f191d, org.springframework.security.web.access.intercept.FilterSecurityInterceptor@6108796b]
2021-10-13 00:01:11,751 [restartedMain] INFO  o.s.b.d.a.OptionalLiveReloadServer                 - LiveReload server is running on port 35729
2021-10-13 00:01:11,756 [restartedMain] INFO  o.apache.coyote.http11.Http11NioProtocol           - Starting ProtocolHandler ["http-nio-80"]
2021-10-13 00:01:11,758 [restartedMain] INFO  o.s.b.w.embedded.tomcat.TomcatWebServer            - Tomcat started on port(s): 80 (http) with context path ''
2021-10-13 00:01:11,759 [restartedMain] INFO  c.g.app.SpringBootDataJpaApplication               - Started SpringBootDataJpaApplication in 1.128 seconds (JVM running for 4488.035)
2021-10-13 00:01:12,011 [restartedMain] INFO  o.s.b.d.a.ConditionEvaluationDeltaLoggingListener  - Condition evaluation unchanged
2021-10-13 00:01:51,456 [Thread-23] INFO  o.s.s.concurrent.ThreadPoolTaskExecutor            - Shutting down ExecutorService 'applicationTaskExecutor'
2021-10-13 00:01:51,458 [Thread-23] INFO  o.s.o.j.LocalContainerEntityManagerFactoryBean     - Closing JPA EntityManagerFactory for persistence unit 'default'
2021-10-13 00:01:51,459 [Thread-23] INFO  com.zaxxer.hikari.HikariDataSource                 - HikariPool-5 - Shutdown initiated...
2021-10-13 00:01:51,462 [Thread-23] INFO  com.zaxxer.hikari.HikariDataSource                 - HikariPool-5 - Shutdown completed.
2021-10-13 00:01:51,642 [restartedMain] INFO  c.g.app.SpringBootDataJpaApplication               - Starting SpringBootDataJpaApplication on DESKTOP-ETDPPKB with PID 21060 (C:\Users\chris\Documents\dysumar\visual studio code\d1y_su_mar\target\classes started by chris in C:\Users\chris\Documents\dysumar\visual studio code\d1y_su_mar)
2021-10-13 00:01:51,642 [restartedMain] INFO  c.g.app.SpringBootDataJpaApplication               - No active profile set, falling back to default profiles: default
2021-10-13 00:01:51,829 [restartedMain] INFO  o.s.d.r.c.RepositoryConfigurationDelegate          - Bootstrapping Spring Data JPA repositories in DEFAULT mode.
2021-10-13 00:01:51,910 [restartedMain] INFO  o.s.d.r.c.RepositoryConfigurationDelegate          - Finished Spring Data repository scanning in 80ms. Found 25 JPA repository interfaces.
2021-10-13 00:01:51,961 [restartedMain] INFO  o.s.c.s.PostProcessorRegistrationDelegate$BeanPostProcessorChecker - Bean 'org.springframework.security.config.annotation.configuration.ObjectPostProcessorConfiguration' of type [org.springframework.security.config.annotation.configuration.ObjectPostProcessorConfiguration] is not eligible for getting processed by all BeanPostProcessors (for example: not eligible for auto-proxying)
2021-10-13 00:01:51,963 [restartedMain] INFO  o.s.c.s.PostProcessorRegistrationDelegate$BeanPostProcessorChecker - Bean 'objectPostProcessor' of type [org.springframework.security.config.annotation.configuration.AutowireBeanFactoryObjectPostProcessor] is not eligible for getting processed by all BeanPostProcessors (for example: not eligible for auto-proxying)
2021-10-13 00:01:51,964 [restartedMain] INFO  o.s.c.s.PostProcessorRegistrationDelegate$BeanPostProcessorChecker - Bean 'org.springframework.security.access.expression.method.DefaultMethodSecurityExpressionHandler@205b2f2a' of type [org.springframework.security.access.expression.method.DefaultMethodSecurityExpressionHandler] is not eligible for getting processed by all BeanPostProcessors (for example: not eligible for auto-proxying)
2021-10-13 00:01:51,965 [restartedMain] INFO  o.s.c.s.PostProcessorRegistrationDelegate$BeanPostProcessorChecker - Bean 'org.springframework.security.config.annotation.method.configuration.GlobalMethodSecurityConfiguration' of type [org.springframework.security.config.annotation.method.configuration.GlobalMethodSecurityConfiguration] is not eligible for getting processed by all BeanPostProcessors (for example: not eligible for auto-proxying)
2021-10-13 00:01:51,966 [restartedMain] INFO  o.s.c.s.PostProcessorRegistrationDelegate$BeanPostProcessorChecker - Bean 'methodSecurityMetadataSource' of type [org.springframework.security.access.method.DelegatingMethodSecurityMetadataSource] is not eligible for getting processed by all BeanPostProcessors (for example: not eligible for auto-proxying)
2021-10-13 00:01:52,007 [restartedMain] INFO  o.s.b.w.embedded.tomcat.TomcatWebServer            - Tomcat initialized with port(s): 80 (http)
2021-10-13 00:01:52,008 [restartedMain] INFO  o.apache.coyote.http11.Http11NioProtocol           - Initializing ProtocolHandler ["http-nio-80"]
2021-10-13 00:01:52,009 [restartedMain] INFO  org.apache.catalina.core.StandardService           - Starting service [Tomcat]
2021-10-13 00:01:52,009 [restartedMain] INFO  org.apache.catalina.core.StandardEngine            - Starting Servlet engine: [Apache Tomcat/9.0.33]
2021-10-13 00:01:52,031 [restartedMain] INFO  o.a.c.c.C.[Tomcat].[localhost].[/]                 - Initializing Spring embedded WebApplicationContext
2021-10-13 00:01:52,031 [restartedMain] INFO  o.s.web.context.ContextLoader                      - Root WebApplicationContext: initialization completed in 387 ms
2021-10-13 00:01:52,060 [restartedMain] INFO  com.zaxxer.hikari.HikariDataSource                 - HikariPool-6 - Starting...
2021-10-13 00:01:52,064 [restartedMain] INFO  com.zaxxer.hikari.HikariDataSource                 - HikariPool-6 - Start completed.
2021-10-13 00:01:52,078 [restartedMain] INFO  o.hibernate.jpa.internal.util.LogHelper            - HHH000204: Processing PersistenceUnitInfo [name: default]
2021-10-13 00:01:52,084 [restartedMain] INFO  org.hibernate.dialect.Dialect                      - HHH000400: Using dialect: org.hibernate.dialect.MySQL5InnoDBDialect
2021-10-13 00:01:52,209 [restartedMain] INFO  o.h.e.t.j.p.i.JtaPlatformInitiator                 - HHH000490: Using JtaPlatform implementation: [org.hibernate.engine.transaction.jta.platform.internal.NoJtaPlatform]
2021-10-13 00:01:52,209 [restartedMain] INFO  o.s.o.j.LocalContainerEntityManagerFactoryBean     - Initialized JPA EntityManagerFactory for persistence unit 'default'
2021-10-13 00:01:52,227 [restartedMain] WARN  o.s.b.a.o.j.JpaBaseConfiguration$JpaWebConfiguration - spring.jpa.open-in-view is enabled by default. Therefore, database queries may be performed during view rendering. Explicitly configure spring.jpa.open-in-view to disable this warning
2021-10-13 00:01:52,590 [restartedMain] INFO  o.s.s.concurrent.ThreadPoolTaskExecutor            - Initializing ExecutorService 'applicationTaskExecutor'
2021-10-13 00:01:52,631 [restartedMain] INFO  o.s.s.web.DefaultSecurityFilterChain               - Creating filter chain: any request, [org.springframework.security.web.context.request.async.WebAsyncManagerIntegrationFilter@6a8bf9d1, org.springframework.security.web.context.SecurityContextPersistenceFilter@2989c94f, org.springframework.security.web.header.HeaderWriterFilter@1da792f3, org.springframework.security.web.csrf.CsrfFilter@63c14fb, org.springframework.security.web.authentication.logout.LogoutFilter@35861f9e, org.springframework.security.web.authentication.UsernamePasswordAuthenticationFilter@5b02c15c, org.springframework.security.web.savedrequest.RequestCacheAwareFilter@1810a6ce, org.springframework.security.web.servletapi.SecurityContextHolderAwareRequestFilter@39019f35, org.springframework.security.web.authentication.AnonymousAuthenticationFilter@1df19809, org.springframework.security.web.session.SessionManagementFilter@4ff49786, org.springframework.security.web.access.ExceptionTranslationFilter@4b3f42e2, org.springframework.security.web.access.intercept.FilterSecurityInterceptor@55db26f4]
2021-10-13 00:01:52,680 [restartedMain] INFO  o.s.b.d.a.OptionalLiveReloadServer                 - LiveReload server is running on port 35729
2021-10-13 00:01:52,690 [restartedMain] INFO  o.apache.coyote.http11.Http11NioProtocol           - Starting ProtocolHandler ["http-nio-80"]
2021-10-13 00:01:52,693 [restartedMain] INFO  o.s.b.w.embedded.tomcat.TomcatWebServer            - Tomcat started on port(s): 80 (http) with context path ''
2021-10-13 00:01:52,694 [restartedMain] INFO  c.g.app.SpringBootDataJpaApplication               - Started SpringBootDataJpaApplication in 1.074 seconds (JVM running for 4528.97)
2021-10-13 00:01:52,943 [restartedMain] INFO  o.s.b.d.a.ConditionEvaluationDeltaLoggingListener  - Condition evaluation unchanged
2021-10-13 00:01:57,768 [http-nio-80-exec-2] INFO  o.a.c.c.C.[Tomcat].[localhost].[/]                 - Initializing Spring DispatcherServlet 'dispatcherServlet'
2021-10-13 00:01:57,769 [http-nio-80-exec-2] INFO  o.s.web.servlet.DispatcherServlet                  - Initializing Servlet 'dispatcherServlet'
2021-10-13 00:01:57,770 [http-nio-80-exec-2] INFO  o.s.web.servlet.DispatcherServlet                  - Completed initialization in 1 ms
